<?xml version="1.0" encoding="UTF-8"?>
<testsuite xmlns:xsi="http://www.w3.org/2001/XMLSchema-instance" xsi:noNamespaceSchemaLocation="https://maven.apache.org/surefire/maven-surefire-plugin/xsd/surefire-test-report-3.0.xsd" version="3.0" name="hb.MathUtilsTest" time="0.09" tests="7" errors="0" skipped="1" failures="1">
  <properties>
[...]
</properties>
  <testcase name="divisionTest" classname="hb.MathUtilsTest" time="0.027"/>
  <testcase name="addTest(RepetitionInfo)[1]" classname="hb.MathUtilsTest" time="0.005"/>
  <testcase name="addTest(RepetitionInfo)[2]" classname="hb.MathUtilsTest" time="0.001"/>
  <testcase name="assertingAll" classname="hb.MathUtilsTest" time="0.004"/>
  <testcase name="circleAreaTest(TestInfo)" classname="hb.MathUtilsTest" time="0.002"/>
  <testcase name="pythagoreanTheoremWorks" classname="hb.MathUtilsTest" time="0">
    <skipped message="public void hb.MathUtilsTest.pythagoreanTheoremWorks() is @Disabled"/>
  </testcase>
  <testcase name="squaresNumber" classname="hb.MathUtilsTest" time="0.003">
    <failure type="org.opentest4j.AssertionFailedError"><![CDATA[org.opentest4j.AssertionFailedError: testing ==> expected: <4> but was: <3>
	at hb.MathUtilsTest.squaresNumber(MathUtilsTest.java:48)
]]></failure>
    <system-out><![CDATA[squaresNumber() executed.
]]></system-out>
  </testcase>
</testsuite>